<?xml version="1.0" encoding="UTF-8"?>
<!-- Generated by org.testng.reporters.JUnitXMLReporter -->
<testsuite hostname="Testing-2" name="Test" tests="13" failures="1" timestamp="4 Jul 2017 09:18:11 GMT" time="125.248" errors="0">
  <testcase name="@AfterMethod tearDown" time="0.0" classname="KontaktTelecom.KontaktTelecom">
    <failure type="org.openqa.selenium.WebDriverException" message="Not yet implemented. Please help us: http://appium.io/get-involved.html (WARNING: The server did not provide any stacktrace information)
Command duration or timeout: 9 milliseconds
Build info: version: &amp;apos;2.45.0&amp;apos;, revision: &amp;apos;5017cb8e7ca8e37638dc3091b2440b90a1d8686f&amp;apos;, time: &amp;apos;2015-02-27 09:10:26&amp;apos;
System info: host: &amp;apos;Testing-2&amp;apos;, ip: &amp;apos;172.16.20.125&amp;apos;, os.name: &amp;apos;Windows 7&amp;apos;, os.arch: &amp;apos;amd64&amp;apos;, os.version: &amp;apos;6.1&amp;apos;, java.version: &amp;apos;1.8.0_111&amp;apos;
Driver info: io.appium.java_client.android.AndroidDriver
Capabilities [{appPackage=com.hashblu.kontakt, networkConnectionEnabled=true, warnings={}, databaseEnabled=false, deviceName=5203c45ae8fea300, platform=LINUX, appActivity=com.hashblu.stickersapp.views.activity.SetupActivity, desired={appPackage=com.hashblu.kontakt, appActivity=com.hashblu.stickersapp.views.activity.SetupActivity, platformVersion=5.1.1, udid=5203c45ae8fea300, platformName=Android, deviceName=Galaxy Tab A(2016)}, platformVersion=5.1.1, webStorageEnabled=false, locationContextEnabled=false, browserName=Android, takesScreenshot=true, javascriptEnabled=true, udid=5203c45ae8fea300, platformName=Android}]
Session ID: 5209a966-f650-428b-b1eb-6a0ccb4948a9">
      <![CDATA[org.openqa.selenium.WebDriverException: Not yet implemented. Please help us: http://appium.io/get-involved.html (WARNING: The server did not provide any stacktrace information)
Command duration or timeout: 9 milliseconds
Build info: version: '2.45.0', revision: '5017cb8e7ca8e37638dc3091b2440b90a1d8686f', time: '2015-02-27 09:10:26'
System info: host: 'Testing-2', ip: '172.16.20.125', os.name: 'Windows 7', os.arch: 'amd64', os.version: '6.1', java.version: '1.8.0_111'
Driver info: io.appium.java_client.android.AndroidDriver
Capabilities [{appPackage=com.hashblu.kontakt, networkConnectionEnabled=true, warnings={}, databaseEnabled=false, deviceName=5203c45ae8fea300, platform=LINUX, appActivity=com.hashblu.stickersapp.views.activity.SetupActivity, desired={appPackage=com.hashblu.kontakt, appActivity=com.hashblu.stickersapp.views.activity.SetupActivity, platformVersion=5.1.1, udid=5203c45ae8fea300, platformName=Android, deviceName=Galaxy Tab A(2016)}, platformVersion=5.1.1, webStorageEnabled=false, locationContextEnabled=false, browserName=Android, takesScreenshot=true, javascriptEnabled=true, udid=5203c45ae8fea300, platformName=Android}]
Session ID: 5209a966-f650-428b-b1eb-6a0ccb4948a9
	at org.openqa.selenium.remote.ErrorHandler.createThrowable(ErrorHandler.java:204)
	at org.openqa.selenium.remote.ErrorHandler.throwIfResponseFailed(ErrorHandler.java:156)
	at org.openqa.selenium.remote.RemoteWebDriver.execute(RemoteWebDriver.java:599)
	at io.appium.java_client.DefaultGenericMobileDriver.execute(DefaultGenericMobileDriver.java:42)
	at io.appium.java_client.AppiumDriver.execute(AppiumDriver.java:1)
	at io.appium.java_client.android.AndroidDriver.execute(AndroidDriver.java:1)
	at org.openqa.selenium.remote.RemoteWebDriver.get(RemoteWebDriver.java:304)
	at KontaktTelecom.KontaktTelecom.tearDown(KontaktTelecom.java:244)
	at org.apache.maven.surefire.testng.TestNGExecutor.run(TestNGExecutor.java:177)
	at org.apache.maven.surefire.testng.TestNGXmlTestSuite.execute(TestNGXmlTestSuite.java:92)
	at org.apache.maven.surefire.testng.TestNGProvider.invoke(TestNGProvider.java:105)
	at org.apache.maven.surefire.util.ReflectionUtils.invokeMethodWithArray(ReflectionUtils.java:189)
	at org.apache.maven.surefire.booter.ProviderFactory$ProviderProxy.invoke(ProviderFactory.java:165)
	at org.apache.maven.surefire.booter.ProviderFactory.invokeProvider(ProviderFactory.java:85)
	at org.apache.maven.surefire.booter.ForkedBooter.runSuitesInProcess(ForkedBooter.java:103)
	at org.apache.maven.surefire.booter.ForkedBooter.main(ForkedBooter.java:74)
... Removed 31 stack frames]]>
    </failure>
  </testcase> <!-- @AfterMethod tearDown -->
  <testcase name="@AfterMethod tearDown" time="0.0" classname="KontaktTelecom.KontaktTelecom">
    <skipped/>
  </testcase> <!-- @AfterMethod tearDown -->
  <testcase name="@AfterMethod tearDown" time="0.0" classname="KontaktTelecom.KontaktTelecom">
    <skipped/>
  </testcase> <!-- @AfterMethod tearDown -->
  <testcase name="@AfterMethod tearDown" time="0.0" classname="KontaktTelecom.KontaktTelecom">
    <skipped/>
  </testcase> <!-- @AfterMethod tearDown -->
  <testcase name="@AfterMethod tearDown" time="0.0" classname="KontaktTelecom.KontaktTelecom">
    <skipped/>
  </testcase> <!-- @AfterMethod tearDown -->
  <testcase name="@AfterMethod tearDown" time="0.0" classname="KontaktTelecom.KontaktTelecom">
    <skipped/>
  </testcase> <!-- @AfterMethod tearDown -->
  <testcase name="@AfterMethod tearDown" time="0.0" classname="KontaktTelecom.KontaktTelecom">
    <skipped/>
  </testcase> <!-- @AfterMethod tearDown -->
  <testcase name="@AfterMethod tearDown" time="0.0" classname="KontaktTelecom.KontaktTelecom">
    <skipped/>
  </testcase> <!-- @AfterMethod tearDown -->
  <testcase name="SetUp" time="17.011" classname="KontaktTelecom.KontaktTelecom"/>
  <testcase name="EnableServiceStickers" time="12.561" classname="KontaktTelecom.KontaktTelecom"/>
  <testcase name="StickersKeyBoardSelection" time="18.274" classname="KontaktTelecom.KontaktTelecom"/>
  <testcase name="TwitterChannelSelection" time="8.129" classname="KontaktTelecom.KontaktTelecom"/>
  <testcase name="NewMessage" time="14.211" classname="KontaktTelecom.KontaktTelecom"/>
  <testcase name="Sticker1" time="32.585" classname="KontaktTelecom.KontaktTelecom">
    <failure type="org.openqa.selenium.NoSuchElementException" message="An element could not be located on the page using the given search parameters. (WARNING: The server did not provide any stacktrace information)
Command duration or timeout: 15.71 seconds
For documentation on this error, please visit: http://seleniumhq.org/exceptions/no_such_element.html
Build info: version: &amp;apos;2.45.0&amp;apos;, revision: &amp;apos;5017cb8e7ca8e37638dc3091b2440b90a1d8686f&amp;apos;, time: &amp;apos;2015-02-27 09:10:26&amp;apos;
System info: host: &amp;apos;Testing-2&amp;apos;, ip: &amp;apos;172.16.20.125&amp;apos;, os.name: &amp;apos;Windows 7&amp;apos;, os.arch: &amp;apos;amd64&amp;apos;, os.version: &amp;apos;6.1&amp;apos;, java.version: &amp;apos;1.8.0_111&amp;apos;
Driver info: io.appium.java_client.android.AndroidDriver
Capabilities [{appPackage=com.hashblu.kontakt, networkConnectionEnabled=true, warnings={}, databaseEnabled=false, deviceName=5203c45ae8fea300, platform=LINUX, appActivity=com.hashblu.stickersapp.views.activity.SetupActivity, desired={appPackage=com.hashblu.kontakt, appActivity=com.hashblu.stickersapp.views.activity.SetupActivity, platformVersion=5.1.1, udid=5203c45ae8fea300, platformName=Android, deviceName=Galaxy Tab A(2016)}, platformVersion=5.1.1, webStorageEnabled=false, locationContextEnabled=false, browserName=Android, takesScreenshot=true, javascriptEnabled=true, udid=5203c45ae8fea300, platformName=Android}]
Session ID: 5209a966-f650-428b-b1eb-6a0ccb4948a9
*** Element info: {Using=name, value=Next}">
      <![CDATA[org.openqa.selenium.NoSuchElementException: An element could not be located on the page using the given search parameters. (WARNING: The server did not provide any stacktrace information)
Command duration or timeout: 15.71 seconds
For documentation on this error, please visit: http://seleniumhq.org/exceptions/no_such_element.html
Build info: version: '2.45.0', revision: '5017cb8e7ca8e37638dc3091b2440b90a1d8686f', time: '2015-02-27 09:10:26'
System info: host: 'Testing-2', ip: '172.16.20.125', os.name: 'Windows 7', os.arch: 'amd64', os.version: '6.1', java.version: '1.8.0_111'
Driver info: io.appium.java_client.android.AndroidDriver
Capabilities [{appPackage=com.hashblu.kontakt, networkConnectionEnabled=true, warnings={}, databaseEnabled=false, deviceName=5203c45ae8fea300, platform=LINUX, appActivity=com.hashblu.stickersapp.views.activity.SetupActivity, desired={appPackage=com.hashblu.kontakt, appActivity=com.hashblu.stickersapp.views.activity.SetupActivity, platformVersion=5.1.1, udid=5203c45ae8fea300, platformName=Android, deviceName=Galaxy Tab A(2016)}, platformVersion=5.1.1, webStorageEnabled=false, locationContextEnabled=false, browserName=Android, takesScreenshot=true, javascriptEnabled=true, udid=5203c45ae8fea300, platformName=Android}]
Session ID: 5209a966-f650-428b-b1eb-6a0ccb4948a9
*** Element info: {Using=name, value=Next}
	at org.openqa.selenium.remote.ErrorHandler.createThrowable(ErrorHandler.java:204)
	at org.openqa.selenium.remote.ErrorHandler.throwIfResponseFailed(ErrorHandler.java:156)
	at org.openqa.selenium.remote.RemoteWebDriver.execute(RemoteWebDriver.java:599)
	at io.appium.java_client.DefaultGenericMobileDriver.execute(DefaultGenericMobileDriver.java:42)
	at io.appium.java_client.AppiumDriver.execute(AppiumDriver.java:1)
	at io.appium.java_client.android.AndroidDriver.execute(AndroidDriver.java:1)
	at org.openqa.selenium.remote.RemoteWebDriver.findElement(RemoteWebDriver.java:352)
	at org.openqa.selenium.remote.RemoteWebDriver.findElementByName(RemoteWebDriver.java:425)
	at io.appium.java_client.DefaultGenericMobileDriver.findElementByName(DefaultGenericMobileDriver.java:102)
	at io.appium.java_client.AppiumDriver.findElementByName(AppiumDriver.java:1)
	at io.appium.java_client.android.AndroidDriver.findElementByName(AndroidDriver.java:1)
	at org.openqa.selenium.By$ByName.findElement(By.java:299)
	at org.openqa.selenium.remote.RemoteWebDriver.findElement(RemoteWebDriver.java:344)
	at io.appium.java_client.DefaultGenericMobileDriver.findElement(DefaultGenericMobileDriver.java:52)
	at io.appium.java_client.AppiumDriver.findElement(AppiumDriver.java:1)
	at io.appium.java_client.android.AndroidDriver.findElement(AndroidDriver.java:1)
	at POM.StickerPosting.Next_Button(StickerPosting.java:36)
	at KontaktTelecom.KontaktTelecom.Sticker1(KontaktTelecom.java:105)
	at org.apache.maven.surefire.testng.TestNGExecutor.run(TestNGExecutor.java:177)
	at org.apache.maven.surefire.testng.TestNGXmlTestSuite.execute(TestNGXmlTestSuite.java:92)
	at org.apache.maven.surefire.testng.TestNGProvider.invoke(TestNGProvider.java:105)
	at org.apache.maven.surefire.util.ReflectionUtils.invokeMethodWithArray(ReflectionUtils.java:189)
	at org.apache.maven.surefire.booter.ProviderFactory$ProviderProxy.invoke(ProviderFactory.java:165)
	at org.apache.maven.surefire.booter.ProviderFactory.invokeProvider(ProviderFactory.java:85)
	at org.apache.maven.surefire.booter.ForkedBooter.runSuitesInProcess(ForkedBooter.java:103)
	at org.apache.maven.surefire.booter.ForkedBooter.main(ForkedBooter.java:74)
... Removed 29 stack frames]]>
    </failure>
  </testcase> <!-- Sticker1 -->
  <testcase name="Sticker2" time="0.0" classname="KontaktTelecom.KontaktTelecom">
    <skipped/>
  </testcase> <!-- Sticker2 -->
  <testcase name="Sticker3" time="0.0" classname="KontaktTelecom.KontaktTelecom">
    <skipped/>
  </testcase> <!-- Sticker3 -->
  <testcase name="Sticker4" time="0.0" classname="KontaktTelecom.KontaktTelecom">
    <skipped/>
  </testcase> <!-- Sticker4 -->
  <testcase name="Sticker5" time="0.0" classname="KontaktTelecom.KontaktTelecom">
    <skipped/>
  </testcase> <!-- Sticker5 -->
  <testcase name="Sticker6" time="0.0" classname="KontaktTelecom.KontaktTelecom">
    <skipped/>
  </testcase> <!-- Sticker6 -->
  <testcase name="Sticker7" time="0.0" classname="KontaktTelecom.KontaktTelecom">
    <skipped/>
  </testcase> <!-- Sticker7 -->
  <testcase name="Sticker8" time="0.0" classname="KontaktTelecom.KontaktTelecom">
    <skipped/>
  </testcase> <!-- Sticker8 -->
</testsuite> <!-- Test -->
