<?xml version="1.0" encoding="UTF-8"?>
<testng-results skipped="7" failed="1" total="13" passed="5">
  <reporter-output>
  </reporter-output>
  <suite name="Suite" duration-ms="125248" started-at="2017-07-04T09:16:06Z" finished-at="2017-07-04T09:18:11Z">
    <groups>
    </groups>
    <test name="Test" duration-ms="125248" started-at="2017-07-04T09:16:06Z" finished-at="2017-07-04T09:18:11Z">
      <class name="KontaktTelecom.KontaktTelecom">
        <test-method status="PASS" signature="setUp()[pri:0, instance:KontaktTelecom.KontaktTelecom@2d3fcdbd]" name="setUp" is-config="true" duration-ms="20516" started-at="2017-07-04T14:46:06Z" finished-at="2017-07-04T14:46:26Z">
          <reporter-output>
          </reporter-output>
        </test-method> <!-- setUp -->
        <test-method status="PASS" signature="SetUp()[pri:0, instance:KontaktTelecom.KontaktTelecom@2d3fcdbd]" name="SetUp" duration-ms="17011" started-at="2017-07-04T14:46:26Z" finished-at="2017-07-04T14:46:43Z">
          <reporter-output>
          </reporter-output>
        </test-method> <!-- SetUp -->
        <test-method status="PASS" signature="tearDown(org.testng.ITestResult)[pri:0, instance:KontaktTelecom.KontaktTelecom@2d3fcdbd]" name="tearDown" is-config="true" duration-ms="1" started-at="2017-07-04T14:46:43Z" finished-at="2017-07-04T14:46:43Z">
          <params>
            <param index="0">
              <value>
                <![CDATA[[TestResult name=SetUp status=SUCCESS method=KontaktTelecom.SetUp()[pri:0, instance:KontaktTelecom.KontaktTelecom@2d3fcdbd] output={null}]]]>
              </value>
            </param>
          </params>
          <reporter-output>
          </reporter-output>
        </test-method> <!-- tearDown -->
        <test-method status="PASS" signature="EnableServiceStickers()[pri:0, instance:KontaktTelecom.KontaktTelecom@2d3fcdbd]" name="EnableServiceStickers" duration-ms="12561" started-at="2017-07-04T14:46:43Z" finished-at="2017-07-04T14:46:56Z">
          <reporter-output>
          </reporter-output>
        </test-method> <!-- EnableServiceStickers -->
        <test-method status="PASS" signature="tearDown(org.testng.ITestResult)[pri:0, instance:KontaktTelecom.KontaktTelecom@2d3fcdbd]" name="tearDown" is-config="true" duration-ms="0" started-at="2017-07-04T14:46:56Z" finished-at="2017-07-04T14:46:56Z">
          <params>
            <param index="0">
              <value>
                <![CDATA[[TestResult name=EnableServiceStickers status=SUCCESS method=KontaktTelecom.EnableServiceStickers()[pri:0, instance:KontaktTelecom.KontaktTelecom@2d3fcdbd] output={null}]]]>
              </value>
            </param>
          </params>
          <reporter-output>
          </reporter-output>
        </test-method> <!-- tearDown -->
        <test-method status="PASS" signature="StickersKeyBoardSelection()[pri:0, instance:KontaktTelecom.KontaktTelecom@2d3fcdbd]" name="StickersKeyBoardSelection" duration-ms="18274" started-at="2017-07-04T14:46:56Z" finished-at="2017-07-04T14:47:14Z">
          <reporter-output>
          </reporter-output>
        </test-method> <!-- StickersKeyBoardSelection -->
        <test-method status="PASS" signature="tearDown(org.testng.ITestResult)[pri:0, instance:KontaktTelecom.KontaktTelecom@2d3fcdbd]" name="tearDown" is-config="true" duration-ms="1" started-at="2017-07-04T14:47:14Z" finished-at="2017-07-04T14:47:14Z">
          <params>
            <param index="0">
              <value>
                <![CDATA[[TestResult name=StickersKeyBoardSelection status=SUCCESS method=KontaktTelecom.StickersKeyBoardSelection()[pri:0, instance:KontaktTelecom.KontaktTelecom@2d3fcdbd] output={null}]]]>
              </value>
            </param>
          </params>
          <reporter-output>
          </reporter-output>
        </test-method> <!-- tearDown -->
        <test-method status="PASS" signature="TwitterChannelSelection()[pri:0, instance:KontaktTelecom.KontaktTelecom@2d3fcdbd]" name="TwitterChannelSelection" duration-ms="8129" started-at="2017-07-04T14:47:14Z" finished-at="2017-07-04T14:47:22Z">
          <reporter-output>
          </reporter-output>
        </test-method> <!-- TwitterChannelSelection -->
        <test-method status="PASS" signature="tearDown(org.testng.ITestResult)[pri:0, instance:KontaktTelecom.KontaktTelecom@2d3fcdbd]" name="tearDown" is-config="true" duration-ms="0" started-at="2017-07-04T14:47:22Z" finished-at="2017-07-04T14:47:22Z">
          <params>
            <param index="0">
              <value>
                <![CDATA[[TestResult name=TwitterChannelSelection status=SUCCESS method=KontaktTelecom.TwitterChannelSelection()[pri:0, instance:KontaktTelecom.KontaktTelecom@2d3fcdbd] output={null}]]]>
              </value>
            </param>
          </params>
          <reporter-output>
          </reporter-output>
        </test-method> <!-- tearDown -->
        <test-method status="PASS" signature="NewMessage()[pri:0, instance:KontaktTelecom.KontaktTelecom@2d3fcdbd]" name="NewMessage" duration-ms="14211" started-at="2017-07-04T14:47:22Z" finished-at="2017-07-04T14:47:37Z">
          <reporter-output>
          </reporter-output>
        </test-method> <!-- NewMessage -->
        <test-method status="PASS" signature="tearDown(org.testng.ITestResult)[pri:0, instance:KontaktTelecom.KontaktTelecom@2d3fcdbd]" name="tearDown" is-config="true" duration-ms="2" started-at="2017-07-04T14:47:37Z" finished-at="2017-07-04T14:47:37Z">
          <params>
            <param index="0">
              <value>
                <![CDATA[[TestResult name=NewMessage status=SUCCESS method=KontaktTelecom.NewMessage()[pri:0, instance:KontaktTelecom.KontaktTelecom@2d3fcdbd] output={null}]]]>
              </value>
            </param>
          </params>
          <reporter-output>
          </reporter-output>
        </test-method> <!-- tearDown -->
        <test-method status="FAIL" signature="Sticker1()[pri:0, instance:KontaktTelecom.KontaktTelecom@2d3fcdbd]" name="Sticker1" duration-ms="32585" started-at="2017-07-04T14:47:37Z" finished-at="2017-07-04T14:48:09Z">
          <exception class="org.openqa.selenium.NoSuchElementException">
            <message>
              <![CDATA[An element could not be located on the page using the given search parameters. (WARNING: The server did not provide any stacktrace information)
Command duration or timeout: 15.71 seconds
For documentation on this error, please visit: http://seleniumhq.org/exceptions/no_such_element.html
Build info: version: '2.45.0', revision: '5017cb8e7ca8e37638dc3091b2440b90a1d8686f', time: '2015-02-27 09:10:26'
System info: host: 'Testing-2', ip: '172.16.20.125', os.name: 'Windows 7', os.arch: 'amd64', os.version: '6.1', java.version: '1.8.0_111'
Driver info: io.appium.java_client.android.AndroidDriver
Capabilities [{appPackage=com.hashblu.kontakt, networkConnectionEnabled=true, warnings={}, databaseEnabled=false, deviceName=5203c45ae8fea300, platform=LINUX, appActivity=com.hashblu.stickersapp.views.activity.SetupActivity, desired={appPackage=com.hashblu.kontakt, appActivity=com.hashblu.stickersapp.views.activity.SetupActivity, platformVersion=5.1.1, udid=5203c45ae8fea300, platformName=Android, deviceName=Galaxy Tab A(2016)}, platformVersion=5.1.1, webStorageEnabled=false, locationContextEnabled=false, browserName=Android, takesScreenshot=true, javascriptEnabled=true, udid=5203c45ae8fea300, platformName=Android}]
Session ID: 5209a966-f650-428b-b1eb-6a0ccb4948a9
*** Element info: {Using=name, value=Next}]]>
            </message>
            <full-stacktrace>
              <![CDATA[org.openqa.selenium.NoSuchElementException: An element could not be located on the page using the given search parameters. (WARNING: The server did not provide any stacktrace information)
Command duration or timeout: 15.71 seconds
For documentation on this error, please visit: http://seleniumhq.org/exceptions/no_such_element.html
Build info: version: '2.45.0', revision: '5017cb8e7ca8e37638dc3091b2440b90a1d8686f', time: '2015-02-27 09:10:26'
System info: host: 'Testing-2', ip: '172.16.20.125', os.name: 'Windows 7', os.arch: 'amd64', os.version: '6.1', java.version: '1.8.0_111'
Driver info: io.appium.java_client.android.AndroidDriver
Capabilities [{appPackage=com.hashblu.kontakt, networkConnectionEnabled=true, warnings={}, databaseEnabled=false, deviceName=5203c45ae8fea300, platform=LINUX, appActivity=com.hashblu.stickersapp.views.activity.SetupActivity, desired={appPackage=com.hashblu.kontakt, appActivity=com.hashblu.stickersapp.views.activity.SetupActivity, platformVersion=5.1.1, udid=5203c45ae8fea300, platformName=Android, deviceName=Galaxy Tab A(2016)}, platformVersion=5.1.1, webStorageEnabled=false, locationContextEnabled=false, browserName=Android, takesScreenshot=true, javascriptEnabled=true, udid=5203c45ae8fea300, platformName=Android}]
Session ID: 5209a966-f650-428b-b1eb-6a0ccb4948a9
*** Element info: {Using=name, value=Next}
	at sun.reflect.NativeConstructorAccessorImpl.newInstance0(Native Method)
	at sun.reflect.NativeConstructorAccessorImpl.newInstance(NativeConstructorAccessorImpl.java:62)
	at sun.reflect.DelegatingConstructorAccessorImpl.newInstance(DelegatingConstructorAccessorImpl.java:45)
	at java.lang.reflect.Constructor.newInstance(Constructor.java:423)
	at org.openqa.selenium.remote.ErrorHandler.createThrowable(ErrorHandler.java:204)
	at org.openqa.selenium.remote.ErrorHandler.throwIfResponseFailed(ErrorHandler.java:156)
	at org.openqa.selenium.remote.RemoteWebDriver.execute(RemoteWebDriver.java:599)
	at io.appium.java_client.DefaultGenericMobileDriver.execute(DefaultGenericMobileDriver.java:42)
	at io.appium.java_client.AppiumDriver.execute(AppiumDriver.java:1)
	at io.appium.java_client.android.AndroidDriver.execute(AndroidDriver.java:1)
	at org.openqa.selenium.remote.RemoteWebDriver.findElement(RemoteWebDriver.java:352)
	at org.openqa.selenium.remote.RemoteWebDriver.findElementByName(RemoteWebDriver.java:425)
	at io.appium.java_client.DefaultGenericMobileDriver.findElementByName(DefaultGenericMobileDriver.java:102)
	at io.appium.java_client.AppiumDriver.findElementByName(AppiumDriver.java:1)
	at io.appium.java_client.android.AndroidDriver.findElementByName(AndroidDriver.java:1)
	at org.openqa.selenium.By$ByName.findElement(By.java:299)
	at org.openqa.selenium.remote.RemoteWebDriver.findElement(RemoteWebDriver.java:344)
	at io.appium.java_client.DefaultGenericMobileDriver.findElement(DefaultGenericMobileDriver.java:52)
	at io.appium.java_client.AppiumDriver.findElement(AppiumDriver.java:1)
	at io.appium.java_client.android.AndroidDriver.findElement(AndroidDriver.java:1)
	at POM.StickerPosting.Next_Button(StickerPosting.java:36)
	at KontaktTelecom.KontaktTelecom.Sticker1(KontaktTelecom.java:105)
	at sun.reflect.NativeMethodAccessorImpl.invoke0(Native Method)
	at sun.reflect.NativeMethodAccessorImpl.invoke(NativeMethodAccessorImpl.java:62)
	at sun.reflect.DelegatingMethodAccessorImpl.invoke(DelegatingMethodAccessorImpl.java:43)
	at java.lang.reflect.Method.invoke(Method.java:498)
	at org.testng.internal.MethodInvocationHelper.invokeMethod(MethodInvocationHelper.java:80)
	at org.testng.internal.Invoker.invokeMethod(Invoker.java:714)
	at org.testng.internal.Invoker.invokeTestMethod(Invoker.java:901)
	at org.testng.internal.Invoker.invokeTestMethods(Invoker.java:1231)
	at org.testng.internal.TestMethodWorker.invokeTestMethods(TestMethodWorker.java:127)
	at org.testng.internal.TestMethodWorker.run(TestMethodWorker.java:111)
	at org.testng.TestRunner.privateRun(TestRunner.java:767)
	at org.testng.TestRunner.run(TestRunner.java:617)
	at org.testng.SuiteRunner.runTest(SuiteRunner.java:334)
	at org.testng.SuiteRunner.runSequentially(SuiteRunner.java:329)
	at org.testng.SuiteRunner.privateRun(SuiteRunner.java:291)
	at org.testng.SuiteRunner.run(SuiteRunner.java:240)
	at org.testng.SuiteRunnerWorker.runSuite(SuiteRunnerWorker.java:52)
	at org.testng.SuiteRunnerWorker.run(SuiteRunnerWorker.java:86)
	at org.testng.TestNG.runSuitesSequentially(TestNG.java:1198)
	at org.testng.TestNG.runSuitesLocally(TestNG.java:1123)
	at org.testng.TestNG.run(TestNG.java:1031)
	at org.apache.maven.surefire.testng.TestNGExecutor.run(TestNGExecutor.java:177)
	at org.apache.maven.surefire.testng.TestNGXmlTestSuite.execute(TestNGXmlTestSuite.java:92)
	at org.apache.maven.surefire.testng.TestNGProvider.invoke(TestNGProvider.java:105)
	at sun.reflect.NativeMethodAccessorImpl.invoke0(Native Method)
	at sun.reflect.NativeMethodAccessorImpl.invoke(NativeMethodAccessorImpl.java:62)
	at sun.reflect.DelegatingMethodAccessorImpl.invoke(DelegatingMethodAccessorImpl.java:43)
	at java.lang.reflect.Method.invoke(Method.java:498)
	at org.apache.maven.surefire.util.ReflectionUtils.invokeMethodWithArray(ReflectionUtils.java:189)
	at org.apache.maven.surefire.booter.ProviderFactory$ProviderProxy.invoke(ProviderFactory.java:165)
	at org.apache.maven.surefire.booter.ProviderFactory.invokeProvider(ProviderFactory.java:85)
	at org.apache.maven.surefire.booter.ForkedBooter.runSuitesInProcess(ForkedBooter.java:103)
	at org.apache.maven.surefire.booter.ForkedBooter.main(ForkedBooter.java:74)
]]>
            </full-stacktrace>
          </exception> <!-- org.openqa.selenium.NoSuchElementException -->
          <reporter-output>
          </reporter-output>
        </test-method> <!-- Sticker1 -->
        <test-method status="FAIL" signature="tearDown(org.testng.ITestResult)[pri:0, instance:KontaktTelecom.KontaktTelecom@2d3fcdbd]" name="tearDown" is-config="true" duration-ms="0" started-at="2017-07-04T14:48:09Z" finished-at="2017-07-04T14:48:09Z">
          <params>
            <param index="0">
              <value>
                <![CDATA[[TestResult name=Sticker1 status=FAILURE method=KontaktTelecom.Sticker1()[pri:0, instance:KontaktTelecom.KontaktTelecom@2d3fcdbd] output={null}]]]>
              </value>
            </param>
          </params>
          <exception class="org.openqa.selenium.WebDriverException">
            <message>
              <![CDATA[Not yet implemented. Please help us: http://appium.io/get-involved.html (WARNING: The server did not provide any stacktrace information)
Command duration or timeout: 9 milliseconds
Build info: version: '2.45.0', revision: '5017cb8e7ca8e37638dc3091b2440b90a1d8686f', time: '2015-02-27 09:10:26'
System info: host: 'Testing-2', ip: '172.16.20.125', os.name: 'Windows 7', os.arch: 'amd64', os.version: '6.1', java.version: '1.8.0_111'
Driver info: io.appium.java_client.android.AndroidDriver
Capabilities [{appPackage=com.hashblu.kontakt, networkConnectionEnabled=true, warnings={}, databaseEnabled=false, deviceName=5203c45ae8fea300, platform=LINUX, appActivity=com.hashblu.stickersapp.views.activity.SetupActivity, desired={appPackage=com.hashblu.kontakt, appActivity=com.hashblu.stickersapp.views.activity.SetupActivity, platformVersion=5.1.1, udid=5203c45ae8fea300, platformName=Android, deviceName=Galaxy Tab A(2016)}, platformVersion=5.1.1, webStorageEnabled=false, locationContextEnabled=false, browserName=Android, takesScreenshot=true, javascriptEnabled=true, udid=5203c45ae8fea300, platformName=Android}]
Session ID: 5209a966-f650-428b-b1eb-6a0ccb4948a9]]>
            </message>
            <full-stacktrace>
              <![CDATA[org.openqa.selenium.WebDriverException: Not yet implemented. Please help us: http://appium.io/get-involved.html (WARNING: The server did not provide any stacktrace information)
Command duration or timeout: 9 milliseconds
Build info: version: '2.45.0', revision: '5017cb8e7ca8e37638dc3091b2440b90a1d8686f', time: '2015-02-27 09:10:26'
System info: host: 'Testing-2', ip: '172.16.20.125', os.name: 'Windows 7', os.arch: 'amd64', os.version: '6.1', java.version: '1.8.0_111'
Driver info: io.appium.java_client.android.AndroidDriver
Capabilities [{appPackage=com.hashblu.kontakt, networkConnectionEnabled=true, warnings={}, databaseEnabled=false, deviceName=5203c45ae8fea300, platform=LINUX, appActivity=com.hashblu.stickersapp.views.activity.SetupActivity, desired={appPackage=com.hashblu.kontakt, appActivity=com.hashblu.stickersapp.views.activity.SetupActivity, platformVersion=5.1.1, udid=5203c45ae8fea300, platformName=Android, deviceName=Galaxy Tab A(2016)}, platformVersion=5.1.1, webStorageEnabled=false, locationContextEnabled=false, browserName=Android, takesScreenshot=true, javascriptEnabled=true, udid=5203c45ae8fea300, platformName=Android}]
Session ID: 5209a966-f650-428b-b1eb-6a0ccb4948a9
	at sun.reflect.NativeConstructorAccessorImpl.newInstance0(Native Method)
	at sun.reflect.NativeConstructorAccessorImpl.newInstance(NativeConstructorAccessorImpl.java:62)
	at sun.reflect.DelegatingConstructorAccessorImpl.newInstance(DelegatingConstructorAccessorImpl.java:45)
	at java.lang.reflect.Constructor.newInstance(Constructor.java:423)
	at org.openqa.selenium.remote.ErrorHandler.createThrowable(ErrorHandler.java:204)
	at org.openqa.selenium.remote.ErrorHandler.throwIfResponseFailed(ErrorHandler.java:156)
	at org.openqa.selenium.remote.RemoteWebDriver.execute(RemoteWebDriver.java:599)
	at io.appium.java_client.DefaultGenericMobileDriver.execute(DefaultGenericMobileDriver.java:42)
	at io.appium.java_client.AppiumDriver.execute(AppiumDriver.java:1)
	at io.appium.java_client.android.AndroidDriver.execute(AndroidDriver.java:1)
	at org.openqa.selenium.remote.RemoteWebDriver.get(RemoteWebDriver.java:304)
	at KontaktTelecom.KontaktTelecom.tearDown(KontaktTelecom.java:244)
	at sun.reflect.NativeMethodAccessorImpl.invoke0(Native Method)
	at sun.reflect.NativeMethodAccessorImpl.invoke(NativeMethodAccessorImpl.java:62)
	at sun.reflect.DelegatingMethodAccessorImpl.invoke(DelegatingMethodAccessorImpl.java:43)
	at java.lang.reflect.Method.invoke(Method.java:498)
	at org.testng.internal.MethodInvocationHelper.invokeMethod(MethodInvocationHelper.java:80)
	at org.testng.internal.Invoker.invokeConfigurationMethod(Invoker.java:564)
	at org.testng.internal.Invoker.invokeConfigurations(Invoker.java:213)
	at org.testng.internal.Invoker.invokeMethod(Invoker.java:786)
	at org.testng.internal.Invoker.invokeTestMethod(Invoker.java:901)
	at org.testng.internal.Invoker.invokeTestMethods(Invoker.java:1231)
	at org.testng.internal.TestMethodWorker.invokeTestMethods(TestMethodWorker.java:127)
	at org.testng.internal.TestMethodWorker.run(TestMethodWorker.java:111)
	at org.testng.TestRunner.privateRun(TestRunner.java:767)
	at org.testng.TestRunner.run(TestRunner.java:617)
	at org.testng.SuiteRunner.runTest(SuiteRunner.java:334)
	at org.testng.SuiteRunner.runSequentially(SuiteRunner.java:329)
	at org.testng.SuiteRunner.privateRun(SuiteRunner.java:291)
	at org.testng.SuiteRunner.run(SuiteRunner.java:240)
	at org.testng.SuiteRunnerWorker.runSuite(SuiteRunnerWorker.java:52)
	at org.testng.SuiteRunnerWorker.run(SuiteRunnerWorker.java:86)
	at org.testng.TestNG.runSuitesSequentially(TestNG.java:1198)
	at org.testng.TestNG.runSuitesLocally(TestNG.java:1123)
	at org.testng.TestNG.run(TestNG.java:1031)
	at org.apache.maven.surefire.testng.TestNGExecutor.run(TestNGExecutor.java:177)
	at org.apache.maven.surefire.testng.TestNGXmlTestSuite.execute(TestNGXmlTestSuite.java:92)
	at org.apache.maven.surefire.testng.TestNGProvider.invoke(TestNGProvider.java:105)
	at sun.reflect.NativeMethodAccessorImpl.invoke0(Native Method)
	at sun.reflect.NativeMethodAccessorImpl.invoke(NativeMethodAccessorImpl.java:62)
	at sun.reflect.DelegatingMethodAccessorImpl.invoke(DelegatingMethodAccessorImpl.java:43)
	at java.lang.reflect.Method.invoke(Method.java:498)
	at org.apache.maven.surefire.util.ReflectionUtils.invokeMethodWithArray(ReflectionUtils.java:189)
	at org.apache.maven.surefire.booter.ProviderFactory$ProviderProxy.invoke(ProviderFactory.java:165)
	at org.apache.maven.surefire.booter.ProviderFactory.invokeProvider(ProviderFactory.java:85)
	at org.apache.maven.surefire.booter.ForkedBooter.runSuitesInProcess(ForkedBooter.java:103)
	at org.apache.maven.surefire.booter.ForkedBooter.main(ForkedBooter.java:74)
]]>
            </full-stacktrace>
          </exception> <!-- org.openqa.selenium.WebDriverException -->
          <reporter-output>
          </reporter-output>
        </test-method> <!-- tearDown -->
        <test-method status="SKIP" signature="Sticker2()[pri:0, instance:KontaktTelecom.KontaktTelecom@2d3fcdbd]" name="Sticker2" duration-ms="0" started-at="2017-07-04T14:48:11Z" finished-at="2017-07-04T14:48:11Z">
          <reporter-output>
          </reporter-output>
        </test-method> <!-- Sticker2 -->
        <test-method status="SKIP" signature="tearDown(org.testng.ITestResult)[pri:0, instance:KontaktTelecom.KontaktTelecom@2d3fcdbd]" name="tearDown" is-config="true" duration-ms="0" started-at="2017-07-04T14:48:11Z" finished-at="2017-07-04T14:48:11Z">
          <reporter-output>
          </reporter-output>
        </test-method> <!-- tearDown -->
        <test-method status="SKIP" signature="Sticker3()[pri:0, instance:KontaktTelecom.KontaktTelecom@2d3fcdbd]" name="Sticker3" duration-ms="0" started-at="2017-07-04T14:48:11Z" finished-at="2017-07-04T14:48:11Z">
          <reporter-output>
          </reporter-output>
        </test-method> <!-- Sticker3 -->
        <test-method status="SKIP" signature="tearDown(org.testng.ITestResult)[pri:0, instance:KontaktTelecom.KontaktTelecom@2d3fcdbd]" name="tearDown" is-config="true" duration-ms="0" started-at="2017-07-04T14:48:11Z" finished-at="2017-07-04T14:48:11Z">
          <reporter-output>
          </reporter-output>
        </test-method> <!-- tearDown -->
        <test-method status="SKIP" signature="Sticker4()[pri:0, instance:KontaktTelecom.KontaktTelecom@2d3fcdbd]" name="Sticker4" duration-ms="0" started-at="2017-07-04T14:48:11Z" finished-at="2017-07-04T14:48:11Z">
          <reporter-output>
          </reporter-output>
        </test-method> <!-- Sticker4 -->
        <test-method status="SKIP" signature="tearDown(org.testng.ITestResult)[pri:0, instance:KontaktTelecom.KontaktTelecom@2d3fcdbd]" name="tearDown" is-config="true" duration-ms="0" started-at="2017-07-04T14:48:11Z" finished-at="2017-07-04T14:48:11Z">
          <reporter-output>
          </reporter-output>
        </test-method> <!-- tearDown -->
        <test-method status="SKIP" signature="Sticker5()[pri:0, instance:KontaktTelecom.KontaktTelecom@2d3fcdbd]" name="Sticker5" duration-ms="0" started-at="2017-07-04T14:48:11Z" finished-at="2017-07-04T14:48:11Z">
          <reporter-output>
          </reporter-output>
        </test-method> <!-- Sticker5 -->
        <test-method status="SKIP" signature="tearDown(org.testng.ITestResult)[pri:0, instance:KontaktTelecom.KontaktTelecom@2d3fcdbd]" name="tearDown" is-config="true" duration-ms="0" started-at="2017-07-04T14:48:11Z" finished-at="2017-07-04T14:48:11Z">
          <reporter-output>
          </reporter-output>
        </test-method> <!-- tearDown -->
        <test-method status="SKIP" signature="Sticker7()[pri:0, instance:KontaktTelecom.KontaktTelecom@2d3fcdbd]" name="Sticker7" duration-ms="0" started-at="2017-07-04T14:48:11Z" finished-at="2017-07-04T14:48:11Z">
          <reporter-output>
          </reporter-output>
        </test-method> <!-- Sticker7 -->
        <test-method status="SKIP" signature="Sticker6()[pri:0, instance:KontaktTelecom.KontaktTelecom@2d3fcdbd]" name="Sticker6" duration-ms="0" started-at="2017-07-04T14:48:11Z" finished-at="2017-07-04T14:48:11Z">
          <reporter-output>
          </reporter-output>
        </test-method> <!-- Sticker6 -->
        <test-method status="SKIP" signature="tearDown(org.testng.ITestResult)[pri:0, instance:KontaktTelecom.KontaktTelecom@2d3fcdbd]" name="tearDown" is-config="true" duration-ms="0" started-at="2017-07-04T14:48:11Z" finished-at="2017-07-04T14:48:11Z">
          <reporter-output>
          </reporter-output>
        </test-method> <!-- tearDown -->
        <test-method status="SKIP" signature="tearDown(org.testng.ITestResult)[pri:0, instance:KontaktTelecom.KontaktTelecom@2d3fcdbd]" name="tearDown" is-config="true" duration-ms="0" started-at="2017-07-04T14:48:11Z" finished-at="2017-07-04T14:48:11Z">
          <reporter-output>
          </reporter-output>
        </test-method> <!-- tearDown -->
        <test-method status="SKIP" signature="tearDown(org.testng.ITestResult)[pri:0, instance:KontaktTelecom.KontaktTelecom@2d3fcdbd]" name="tearDown" is-config="true" duration-ms="0" started-at="2017-07-04T14:48:11Z" finished-at="2017-07-04T14:48:11Z">
          <reporter-output>
          </reporter-output>
        </test-method> <!-- tearDown -->
        <test-method status="SKIP" signature="Sticker8()[pri:0, instance:KontaktTelecom.KontaktTelecom@2d3fcdbd]" name="Sticker8" duration-ms="0" started-at="2017-07-04T14:48:11Z" finished-at="2017-07-04T14:48:11Z">
          <reporter-output>
          </reporter-output>
        </test-method> <!-- Sticker8 -->
      </class> <!-- KontaktTelecom.KontaktTelecom -->
    </test> <!-- Test -->
  </suite> <!-- Suite -->
</testng-results>
