<?xml version="1.0" encoding="UTF-8"?>
<testng-results skipped="3" failed="1" total="13" passed="9">
  <reporter-output>
  </reporter-output>
  <suite name="Default suite" duration-ms="180812" started-at="2017-06-30T07:01:32Z" finished-at="2017-06-30T07:04:33Z">
    <groups>
    </groups>
    <test name="Default test" duration-ms="180812" started-at="2017-06-30T07:01:32Z" finished-at="2017-06-30T07:04:33Z">
      <class name="KontaktTelecom.KontaktTelecom">
        <test-method status="PASS" signature="setUp()[pri:0, instance:KontaktTelecom.KontaktTelecom@eec5a4a]" name="setUp" is-config="true" duration-ms="8229" started-at="2017-06-30T12:31:32Z" finished-at="2017-06-30T12:31:41Z">
          <reporter-output>
          </reporter-output>
        </test-method> <!-- setUp -->
        <test-method status="PASS" signature="SetUp()[pri:0, instance:KontaktTelecom.KontaktTelecom@eec5a4a]" name="SetUp" duration-ms="16905" started-at="2017-06-30T12:31:41Z" finished-at="2017-06-30T12:31:57Z">
          <reporter-output>
          </reporter-output>
        </test-method> <!-- SetUp -->
        <test-method status="PASS" signature="tearDown(org.testng.ITestResult)[pri:0, instance:KontaktTelecom.KontaktTelecom@eec5a4a]" name="tearDown" is-config="true" duration-ms="1" started-at="2017-06-30T12:31:57Z" finished-at="2017-06-30T12:31:57Z">
          <params>
            <param index="0">
              <value>
                <![CDATA[[TestResult name=SetUp status=SUCCESS method=KontaktTelecom.SetUp()[pri:0, instance:KontaktTelecom.KontaktTelecom@eec5a4a] output={null}]]]>
              </value>
            </param>
          </params>
          <reporter-output>
          </reporter-output>
        </test-method> <!-- tearDown -->
        <test-method status="PASS" signature="EnableServiceStickers()[pri:1, instance:KontaktTelecom.KontaktTelecom@eec5a4a]" name="EnableServiceStickers" duration-ms="12636" started-at="2017-06-30T12:31:57Z" finished-at="2017-06-30T12:32:10Z">
          <reporter-output>
          </reporter-output>
        </test-method> <!-- EnableServiceStickers -->
        <test-method status="PASS" signature="tearDown(org.testng.ITestResult)[pri:0, instance:KontaktTelecom.KontaktTelecom@eec5a4a]" name="tearDown" is-config="true" duration-ms="0" started-at="2017-06-30T12:32:10Z" finished-at="2017-06-30T12:32:10Z">
          <params>
            <param index="0">
              <value>
                <![CDATA[[TestResult name=EnableServiceStickers status=SUCCESS method=KontaktTelecom.EnableServiceStickers()[pri:1, instance:KontaktTelecom.KontaktTelecom@eec5a4a] output={null}]]]>
              </value>
            </param>
          </params>
          <reporter-output>
          </reporter-output>
        </test-method> <!-- tearDown -->
        <test-method status="PASS" signature="StickersKeyBoardSelection()[pri:2, instance:KontaktTelecom.KontaktTelecom@eec5a4a]" name="StickersKeyBoardSelection" duration-ms="15689" started-at="2017-06-30T12:32:10Z" finished-at="2017-06-30T12:32:26Z">
          <reporter-output>
          </reporter-output>
        </test-method> <!-- StickersKeyBoardSelection -->
        <test-method status="PASS" signature="TwitterChannelSelection()[pri:3, instance:KontaktTelecom.KontaktTelecom@eec5a4a]" name="TwitterChannelSelection" duration-ms="7987" started-at="2017-06-30T12:32:26Z" finished-at="2017-06-30T12:32:34Z">
          <reporter-output>
          </reporter-output>
        </test-method> <!-- TwitterChannelSelection -->
        <test-method status="PASS" signature="tearDown(org.testng.ITestResult)[pri:0, instance:KontaktTelecom.KontaktTelecom@eec5a4a]" name="tearDown" is-config="true" duration-ms="0" started-at="2017-06-30T12:32:26Z" finished-at="2017-06-30T12:32:26Z">
          <params>
            <param index="0">
              <value>
                <![CDATA[[TestResult name=StickersKeyBoardSelection status=SUCCESS method=KontaktTelecom.StickersKeyBoardSelection()[pri:2, instance:KontaktTelecom.KontaktTelecom@eec5a4a] output={null}]]]>
              </value>
            </param>
          </params>
          <reporter-output>
          </reporter-output>
        </test-method> <!-- tearDown -->
        <test-method status="PASS" signature="tearDown(org.testng.ITestResult)[pri:0, instance:KontaktTelecom.KontaktTelecom@eec5a4a]" name="tearDown" is-config="true" duration-ms="0" started-at="2017-06-30T12:32:34Z" finished-at="2017-06-30T12:32:34Z">
          <params>
            <param index="0">
              <value>
                <![CDATA[[TestResult name=TwitterChannelSelection status=SUCCESS method=KontaktTelecom.TwitterChannelSelection()[pri:3, instance:KontaktTelecom.KontaktTelecom@eec5a4a] output={null}]]]>
              </value>
            </param>
          </params>
          <reporter-output>
          </reporter-output>
        </test-method> <!-- tearDown -->
        <test-method status="PASS" signature="NewMessage()[pri:4, instance:KontaktTelecom.KontaktTelecom@eec5a4a]" name="NewMessage" duration-ms="11188" started-at="2017-06-30T12:32:34Z" finished-at="2017-06-30T12:32:45Z">
          <reporter-output>
          </reporter-output>
        </test-method> <!-- NewMessage -->
        <test-method status="PASS" signature="tearDown(org.testng.ITestResult)[pri:0, instance:KontaktTelecom.KontaktTelecom@eec5a4a]" name="tearDown" is-config="true" duration-ms="0" started-at="2017-06-30T12:32:45Z" finished-at="2017-06-30T12:32:45Z">
          <params>
            <param index="0">
              <value>
                <![CDATA[[TestResult name=NewMessage status=SUCCESS method=KontaktTelecom.NewMessage()[pri:4, instance:KontaktTelecom.KontaktTelecom@eec5a4a] output={null}]]]>
              </value>
            </param>
          </params>
          <reporter-output>
          </reporter-output>
        </test-method> <!-- tearDown -->
        <test-method status="PASS" signature="Sticker1()[pri:5, instance:KontaktTelecom.KontaktTelecom@eec5a4a]" name="Sticker1" duration-ms="18266" started-at="2017-06-30T12:32:45Z" finished-at="2017-06-30T12:33:03Z">
          <reporter-output>
          </reporter-output>
        </test-method> <!-- Sticker1 -->
        <test-method status="PASS" signature="tearDown(org.testng.ITestResult)[pri:0, instance:KontaktTelecom.KontaktTelecom@eec5a4a]" name="tearDown" is-config="true" duration-ms="0" started-at="2017-06-30T12:33:03Z" finished-at="2017-06-30T12:33:03Z">
          <params>
            <param index="0">
              <value>
                <![CDATA[[TestResult name=Sticker1 status=SUCCESS method=KontaktTelecom.Sticker1()[pri:5, instance:KontaktTelecom.KontaktTelecom@eec5a4a] output={null}]]]>
              </value>
            </param>
          </params>
          <reporter-output>
          </reporter-output>
        </test-method> <!-- tearDown -->
        <test-method status="PASS" signature="Sticker2()[pri:6, instance:KontaktTelecom.KontaktTelecom@eec5a4a]" name="Sticker2" duration-ms="22430" started-at="2017-06-30T12:33:03Z" finished-at="2017-06-30T12:33:26Z">
          <reporter-output>
          </reporter-output>
        </test-method> <!-- Sticker2 -->
        <test-method status="PASS" signature="tearDown(org.testng.ITestResult)[pri:0, instance:KontaktTelecom.KontaktTelecom@eec5a4a]" name="tearDown" is-config="true" duration-ms="0" started-at="2017-06-30T12:33:26Z" finished-at="2017-06-30T12:33:26Z">
          <params>
            <param index="0">
              <value>
                <![CDATA[[TestResult name=Sticker2 status=SUCCESS method=KontaktTelecom.Sticker2()[pri:6, instance:KontaktTelecom.KontaktTelecom@eec5a4a] output={null}]]]>
              </value>
            </param>
          </params>
          <reporter-output>
          </reporter-output>
        </test-method> <!-- tearDown -->
        <test-method status="PASS" signature="Sticker3()[pri:7, instance:KontaktTelecom.KontaktTelecom@eec5a4a]" name="Sticker3" duration-ms="25075" started-at="2017-06-30T12:33:26Z" finished-at="2017-06-30T12:33:51Z">
          <reporter-output>
          </reporter-output>
        </test-method> <!-- Sticker3 -->
        <test-method status="PASS" signature="Sticker4()[pri:8, instance:KontaktTelecom.KontaktTelecom@eec5a4a]" name="Sticker4" duration-ms="28950" started-at="2017-06-30T12:33:51Z" finished-at="2017-06-30T12:34:20Z">
          <reporter-output>
          </reporter-output>
        </test-method> <!-- Sticker4 -->
        <test-method status="PASS" signature="tearDown(org.testng.ITestResult)[pri:0, instance:KontaktTelecom.KontaktTelecom@eec5a4a]" name="tearDown" is-config="true" duration-ms="0" started-at="2017-06-30T12:33:51Z" finished-at="2017-06-30T12:33:51Z">
          <params>
            <param index="0">
              <value>
                <![CDATA[[TestResult name=Sticker3 status=SUCCESS method=KontaktTelecom.Sticker3()[pri:7, instance:KontaktTelecom.KontaktTelecom@eec5a4a] output={null}]]]>
              </value>
            </param>
          </params>
          <reporter-output>
          </reporter-output>
        </test-method> <!-- tearDown -->
        <test-method status="FAIL" signature="Sticker5()[pri:9, instance:KontaktTelecom.KontaktTelecom@eec5a4a]" name="Sticker5" duration-ms="11460" started-at="2017-06-30T12:34:20Z" finished-at="2017-06-30T12:34:31Z">
          <exception class="org.openqa.selenium.WebDriverException">
            <message>
              <![CDATA[An unknown server-side error occurred while processing the command. (WARNING: The server did not provide any stacktrace information)
Command duration or timeout: 19 milliseconds
Build info: version: '2.45.0', revision: '5017cb8e7ca8e37638dc3091b2440b90a1d8686f', time: '2015-02-27 09:10:26'
System info: host: 'Testing-2', ip: '172.16.20.125', os.name: 'Windows 7', os.arch: 'amd64', os.version: '6.1', java.version: '1.8.0_111'
Driver info: io.appium.java_client.android.AndroidDriver
Capabilities [{appPackage=com.hashblu.kontakt, networkConnectionEnabled=true, warnings={}, databaseEnabled=false, deviceName=5203c45ae8fea300, platform=LINUX, appActivity=com.hashblu.stickersapp.views.activity.SetupActivity, desired={appPackage=com.hashblu.kontakt, appActivity=com.hashblu.stickersapp.views.activity.SetupActivity, platformVersion=5.1.1, udid=5203c45ae8fea300, platformName=Android, deviceName=Galaxy Tab A(2016)}, platformVersion=5.1.1, webStorageEnabled=false, locationContextEnabled=false, browserName=Android, takesScreenshot=true, javascriptEnabled=true, udid=5203c45ae8fea300, platformName=Android}]
Session ID: f803e293-171e-4598-a0e2-c40a5c711b56]]>
            </message>
            <full-stacktrace>
              <![CDATA[org.openqa.selenium.WebDriverException: An unknown server-side error occurred while processing the command. (WARNING: The server did not provide any stacktrace information)
Command duration or timeout: 19 milliseconds
Build info: version: '2.45.0', revision: '5017cb8e7ca8e37638dc3091b2440b90a1d8686f', time: '2015-02-27 09:10:26'
System info: host: 'Testing-2', ip: '172.16.20.125', os.name: 'Windows 7', os.arch: 'amd64', os.version: '6.1', java.version: '1.8.0_111'
Driver info: io.appium.java_client.android.AndroidDriver
Capabilities [{appPackage=com.hashblu.kontakt, networkConnectionEnabled=true, warnings={}, databaseEnabled=false, deviceName=5203c45ae8fea300, platform=LINUX, appActivity=com.hashblu.stickersapp.views.activity.SetupActivity, desired={appPackage=com.hashblu.kontakt, appActivity=com.hashblu.stickersapp.views.activity.SetupActivity, platformVersion=5.1.1, udid=5203c45ae8fea300, platformName=Android, deviceName=Galaxy Tab A(2016)}, platformVersion=5.1.1, webStorageEnabled=false, locationContextEnabled=false, browserName=Android, takesScreenshot=true, javascriptEnabled=true, udid=5203c45ae8fea300, platformName=Android}]
Session ID: f803e293-171e-4598-a0e2-c40a5c711b56
	at sun.reflect.NativeConstructorAccessorImpl.newInstance0(Native Method)
	at sun.reflect.NativeConstructorAccessorImpl.newInstance(NativeConstructorAccessorImpl.java:62)
	at sun.reflect.DelegatingConstructorAccessorImpl.newInstance(DelegatingConstructorAccessorImpl.java:45)
	at java.lang.reflect.Constructor.newInstance(Constructor.java:423)
	at org.openqa.selenium.remote.ErrorHandler.createThrowable(ErrorHandler.java:204)
	at org.openqa.selenium.remote.ErrorHandler.throwIfResponseFailed(ErrorHandler.java:156)
	at org.openqa.selenium.remote.RemoteWebDriver.execute(RemoteWebDriver.java:599)
	at io.appium.java_client.DefaultGenericMobileDriver.execute(DefaultGenericMobileDriver.java:42)
	at io.appium.java_client.AppiumDriver.execute(AppiumDriver.java:1)
	at io.appium.java_client.android.AndroidDriver.execute(AndroidDriver.java:1)
	at io.appium.java_client.AppiumDriver.performTouchAction(AppiumDriver.java:314)
	at io.appium.java_client.TouchAction.perform(TouchAction.java:301)
	at io.appium.java_client.AppiumDriver.swipe(AppiumDriver.java:369)
	at POM.StickerPosting.Select_KontaktTelecom_Sticker5(StickerPosting.java:212)
	at KontaktTelecom.KontaktTelecom.Sticker5(KontaktTelecom.java:174)
	at sun.reflect.NativeMethodAccessorImpl.invoke0(Native Method)
	at sun.reflect.NativeMethodAccessorImpl.invoke(NativeMethodAccessorImpl.java:62)
	at sun.reflect.DelegatingMethodAccessorImpl.invoke(DelegatingMethodAccessorImpl.java:43)
	at java.lang.reflect.Method.invoke(Method.java:498)
	at org.testng.internal.MethodInvocationHelper.invokeMethod(MethodInvocationHelper.java:85)
	at org.testng.internal.Invoker.invokeMethod(Invoker.java:639)
	at org.testng.internal.Invoker.invokeTestMethod(Invoker.java:816)
	at org.testng.internal.Invoker.invokeTestMethods(Invoker.java:1124)
	at org.testng.internal.TestMethodWorker.invokeTestMethods(TestMethodWorker.java:125)
	at org.testng.internal.TestMethodWorker.run(TestMethodWorker.java:108)
	at org.testng.TestRunner.privateRun(TestRunner.java:774)
	at org.testng.TestRunner.run(TestRunner.java:624)
	at org.testng.SuiteRunner.runTest(SuiteRunner.java:359)
	at org.testng.SuiteRunner.runSequentially(SuiteRunner.java:354)
	at org.testng.SuiteRunner.privateRun(SuiteRunner.java:312)
	at org.testng.SuiteRunner.run(SuiteRunner.java:261)
	at org.testng.SuiteRunnerWorker.runSuite(SuiteRunnerWorker.java:52)
	at org.testng.SuiteRunnerWorker.run(SuiteRunnerWorker.java:86)
	at org.testng.TestNG.runSuitesSequentially(TestNG.java:1215)
	at org.testng.TestNG.runSuitesLocally(TestNG.java:1140)
	at org.testng.TestNG.run(TestNG.java:1048)
	at org.testng.remote.AbstractRemoteTestNG.run(AbstractRemoteTestNG.java:132)
	at org.testng.remote.RemoteTestNG.initAndRun(RemoteTestNG.java:230)
	at org.testng.remote.RemoteTestNG.main(RemoteTestNG.java:76)
]]>
            </full-stacktrace>
          </exception> <!-- org.openqa.selenium.WebDriverException -->
          <reporter-output>
          </reporter-output>
        </test-method> <!-- Sticker5 -->
        <test-method status="PASS" signature="tearDown(org.testng.ITestResult)[pri:0, instance:KontaktTelecom.KontaktTelecom@eec5a4a]" name="tearDown" is-config="true" duration-ms="0" started-at="2017-06-30T12:34:20Z" finished-at="2017-06-30T12:34:20Z">
          <params>
            <param index="0">
              <value>
                <![CDATA[[TestResult name=Sticker4 status=SUCCESS method=KontaktTelecom.Sticker4()[pri:8, instance:KontaktTelecom.KontaktTelecom@eec5a4a] output={null}]]]>
              </value>
            </param>
          </params>
          <reporter-output>
          </reporter-output>
        </test-method> <!-- tearDown -->
        <test-method status="FAIL" signature="tearDown(org.testng.ITestResult)[pri:0, instance:KontaktTelecom.KontaktTelecom@eec5a4a]" name="tearDown" is-config="true" duration-ms="0" started-at="2017-06-30T12:34:31Z" finished-at="2017-06-30T12:34:31Z">
          <params>
            <param index="0">
              <value>
                <![CDATA[[TestResult name=Sticker5 status=FAILURE method=KontaktTelecom.Sticker5()[pri:9, instance:KontaktTelecom.KontaktTelecom@eec5a4a] output={null}]]]>
              </value>
            </param>
          </params>
          <exception class="org.openqa.selenium.WebDriverException">
            <message>
              <![CDATA[Not yet implemented. Please help us: http://appium.io/get-involved.html (WARNING: The server did not provide any stacktrace information)
Command duration or timeout: 15 milliseconds
Build info: version: '2.45.0', revision: '5017cb8e7ca8e37638dc3091b2440b90a1d8686f', time: '2015-02-27 09:10:26'
System info: host: 'Testing-2', ip: '172.16.20.125', os.name: 'Windows 7', os.arch: 'amd64', os.version: '6.1', java.version: '1.8.0_111'
Driver info: io.appium.java_client.android.AndroidDriver
Capabilities [{appPackage=com.hashblu.kontakt, networkConnectionEnabled=true, warnings={}, databaseEnabled=false, deviceName=5203c45ae8fea300, platform=LINUX, appActivity=com.hashblu.stickersapp.views.activity.SetupActivity, desired={appPackage=com.hashblu.kontakt, appActivity=com.hashblu.stickersapp.views.activity.SetupActivity, platformVersion=5.1.1, udid=5203c45ae8fea300, platformName=Android, deviceName=Galaxy Tab A(2016)}, platformVersion=5.1.1, webStorageEnabled=false, locationContextEnabled=false, browserName=Android, takesScreenshot=true, javascriptEnabled=true, udid=5203c45ae8fea300, platformName=Android}]
Session ID: f803e293-171e-4598-a0e2-c40a5c711b56]]>
            </message>
            <full-stacktrace>
              <![CDATA[org.openqa.selenium.WebDriverException: Not yet implemented. Please help us: http://appium.io/get-involved.html (WARNING: The server did not provide any stacktrace information)
Command duration or timeout: 15 milliseconds
Build info: version: '2.45.0', revision: '5017cb8e7ca8e37638dc3091b2440b90a1d8686f', time: '2015-02-27 09:10:26'
System info: host: 'Testing-2', ip: '172.16.20.125', os.name: 'Windows 7', os.arch: 'amd64', os.version: '6.1', java.version: '1.8.0_111'
Driver info: io.appium.java_client.android.AndroidDriver
Capabilities [{appPackage=com.hashblu.kontakt, networkConnectionEnabled=true, warnings={}, databaseEnabled=false, deviceName=5203c45ae8fea300, platform=LINUX, appActivity=com.hashblu.stickersapp.views.activity.SetupActivity, desired={appPackage=com.hashblu.kontakt, appActivity=com.hashblu.stickersapp.views.activity.SetupActivity, platformVersion=5.1.1, udid=5203c45ae8fea300, platformName=Android, deviceName=Galaxy Tab A(2016)}, platformVersion=5.1.1, webStorageEnabled=false, locationContextEnabled=false, browserName=Android, takesScreenshot=true, javascriptEnabled=true, udid=5203c45ae8fea300, platformName=Android}]
Session ID: f803e293-171e-4598-a0e2-c40a5c711b56
	at sun.reflect.NativeConstructorAccessorImpl.newInstance0(Native Method)
	at sun.reflect.NativeConstructorAccessorImpl.newInstance(NativeConstructorAccessorImpl.java:62)
	at sun.reflect.DelegatingConstructorAccessorImpl.newInstance(DelegatingConstructorAccessorImpl.java:45)
	at java.lang.reflect.Constructor.newInstance(Constructor.java:423)
	at org.openqa.selenium.remote.ErrorHandler.createThrowable(ErrorHandler.java:204)
	at org.openqa.selenium.remote.ErrorHandler.throwIfResponseFailed(ErrorHandler.java:156)
	at org.openqa.selenium.remote.RemoteWebDriver.execute(RemoteWebDriver.java:599)
	at io.appium.java_client.DefaultGenericMobileDriver.execute(DefaultGenericMobileDriver.java:42)
	at io.appium.java_client.AppiumDriver.execute(AppiumDriver.java:1)
	at io.appium.java_client.android.AndroidDriver.execute(AndroidDriver.java:1)
	at org.openqa.selenium.remote.RemoteWebDriver.get(RemoteWebDriver.java:304)
	at KontaktTelecom.KontaktTelecom.tearDown(KontaktTelecom.java:244)
	at sun.reflect.NativeMethodAccessorImpl.invoke0(Native Method)
	at sun.reflect.NativeMethodAccessorImpl.invoke(NativeMethodAccessorImpl.java:62)
	at sun.reflect.DelegatingMethodAccessorImpl.invoke(DelegatingMethodAccessorImpl.java:43)
	at java.lang.reflect.Method.invoke(Method.java:498)
	at org.testng.internal.MethodInvocationHelper.invokeMethod(MethodInvocationHelper.java:85)
	at org.testng.internal.Invoker.invokeConfigurationMethod(Invoker.java:510)
	at org.testng.internal.Invoker.invokeConfigurations(Invoker.java:211)
	at org.testng.internal.Invoker.invokeMethod(Invoker.java:703)
	at org.testng.internal.Invoker.invokeTestMethod(Invoker.java:816)
	at org.testng.internal.Invoker.invokeTestMethods(Invoker.java:1124)
	at org.testng.internal.TestMethodWorker.invokeTestMethods(TestMethodWorker.java:125)
	at org.testng.internal.TestMethodWorker.run(TestMethodWorker.java:108)
	at org.testng.TestRunner.privateRun(TestRunner.java:774)
	at org.testng.TestRunner.run(TestRunner.java:624)
	at org.testng.SuiteRunner.runTest(SuiteRunner.java:359)
	at org.testng.SuiteRunner.runSequentially(SuiteRunner.java:354)
	at org.testng.SuiteRunner.privateRun(SuiteRunner.java:312)
	at org.testng.SuiteRunner.run(SuiteRunner.java:261)
	at org.testng.SuiteRunnerWorker.runSuite(SuiteRunnerWorker.java:52)
	at org.testng.SuiteRunnerWorker.run(SuiteRunnerWorker.java:86)
	at org.testng.TestNG.runSuitesSequentially(TestNG.java:1215)
	at org.testng.TestNG.runSuitesLocally(TestNG.java:1140)
	at org.testng.TestNG.run(TestNG.java:1048)
	at org.testng.remote.AbstractRemoteTestNG.run(AbstractRemoteTestNG.java:132)
	at org.testng.remote.RemoteTestNG.initAndRun(RemoteTestNG.java:230)
	at org.testng.remote.RemoteTestNG.main(RemoteTestNG.java:76)
]]>
            </full-stacktrace>
          </exception> <!-- org.openqa.selenium.WebDriverException -->
          <reporter-output>
          </reporter-output>
        </test-method> <!-- tearDown -->
        <test-method status="SKIP" signature="Sticker6()[pri:10, instance:KontaktTelecom.KontaktTelecom@eec5a4a]" name="Sticker6" duration-ms="3" started-at="2017-06-30T12:34:33Z" finished-at="2017-06-30T12:34:33Z">
          <reporter-output>
          </reporter-output>
        </test-method> <!-- Sticker6 -->
        <test-method status="SKIP" signature="tearDown(org.testng.ITestResult)[pri:0, instance:KontaktTelecom.KontaktTelecom@eec5a4a]" name="tearDown" is-config="true" duration-ms="0" started-at="2017-06-30T12:34:33Z" finished-at="2017-06-30T12:34:33Z">
          <reporter-output>
          </reporter-output>
        </test-method> <!-- tearDown -->
        <test-method status="SKIP" signature="Sticker7()[pri:11, instance:KontaktTelecom.KontaktTelecom@eec5a4a]" name="Sticker7" duration-ms="0" started-at="2017-06-30T12:34:33Z" finished-at="2017-06-30T12:34:33Z">
          <reporter-output>
          </reporter-output>
        </test-method> <!-- Sticker7 -->
        <test-method status="SKIP" signature="tearDown(org.testng.ITestResult)[pri:0, instance:KontaktTelecom.KontaktTelecom@eec5a4a]" name="tearDown" is-config="true" duration-ms="0" started-at="2017-06-30T12:34:33Z" finished-at="2017-06-30T12:34:33Z">
          <reporter-output>
          </reporter-output>
        </test-method> <!-- tearDown -->
        <test-method status="SKIP" signature="Sticker8()[pri:12, instance:KontaktTelecom.KontaktTelecom@eec5a4a]" name="Sticker8" duration-ms="0" started-at="2017-06-30T12:34:33Z" finished-at="2017-06-30T12:34:33Z">
          <reporter-output>
          </reporter-output>
        </test-method> <!-- Sticker8 -->
        <test-method status="SKIP" signature="tearDown(org.testng.ITestResult)[pri:0, instance:KontaktTelecom.KontaktTelecom@eec5a4a]" name="tearDown" is-config="true" duration-ms="0" started-at="2017-06-30T12:34:33Z" finished-at="2017-06-30T12:34:33Z">
          <reporter-output>
          </reporter-output>
        </test-method> <!-- tearDown -->
      </class> <!-- KontaktTelecom.KontaktTelecom -->
    </test> <!-- Default test -->
  </suite> <!-- Default suite -->
</testng-results>
